<?xml version="1.0" encoding="UTF-8"?>
<!-- Generated by org.testng.reporters.JUnitReportReporter -->
<testsuite name="apitest.cases.LoginTest" tests="2" time="0.604" ignored="0" failures="0" timestamp="31 Oct 2019 08:01:39 GMT" skipped="0" hostname="8X8H3N70QOVLC3S" errors="0">
  <testcase name="login" time="0.140" classname="apitest.cases.LoginTest"/>
  <testcase name="login" time="0.464" classname="apitest.cases.LoginTest"/>
</testsuite> <!-- apitest.cases.LoginTest -->
